  Voronoi.cpp
C:\Users\A0050289\Source\Voronoi_Subdivision\Voronoi_Fracture\Voronoi.cpp(5,15): warning C4244: 'argument': conversion from 'time_t' to 'unsigned int', possible loss of data
C:\Users\A0050289\Source\Voronoi_Subdivision\Voronoi_Fracture\Voronoi.cpp(25,63): warning C4244: 'argument': conversion from 'int' to 'T', possible loss of data
          with
          [
              T=float
          ]
C:\Users\A0050289\Source\Voronoi_Subdivision\Voronoi_Fracture\Voronoi.cpp(25,55): warning C4244: 'argument': conversion from 'int' to 'T', possible loss of data
          with
          [
              T=float
          ]
C:\Users\A0050289\Source\Voronoi_Subdivision\Voronoi_Fracture\Voronoi.cpp(145,59): warning C4244: 'argument': conversion from 'float' to '_Ty', possible loss of data
          with
          [
              _Ty=int
          ]
C:\Users\A0050289\Source\Voronoi_Subdivision\Voronoi_Fracture\Voronoi.cpp(152,48): warning C4244: '=': conversion from 'float' to 'int', possible loss of data
C:\Users\A0050289\Source\Voronoi_Subdivision\Voronoi_Fracture\Voronoi.cpp(168,49): warning C4244: '=': conversion from 'T' to 'int', possible loss of data
          with
          [
              T=float
          ]
C:\Users\A0050289\Source\Voronoi_Subdivision\Voronoi_Fracture\Voronoi.cpp(169,49): warning C4244: '=': conversion from 'T' to 'int', possible loss of data
          with
          [
              T=float
          ]
C:\Users\A0050289\Source\Voronoi_Subdivision\Voronoi_Fracture\Voronoi.cpp(170,39): warning C4244: 'argument': conversion from 'int' to 'T', possible loss of data
          with
          [
              T=float
          ]
C:\Users\A0050289\Source\Voronoi_Subdivision\Voronoi_Fracture\Voronoi.cpp(170,33): warning C4244: 'argument': conversion from 'int' to 'T', possible loss of data
          with
          [
              T=float
          ]
C:\Users\A0050289\Source\Voronoi_Subdivision\Voronoi_Fracture\Voronoi.cpp(136,16): warning C4101: 'dist2': unreferenced local variable
C:\Users\A0050289\Source\Voronoi_Subdivision\Voronoi_Fracture\Voronoi.cpp(136,23): warning C4101: 'dist3': unreferenced local variable
C:\Users\A0050289\Source\Voronoi_Subdivision\Voronoi_Fracture\Voronoi.cpp(136,9): warning C4101: 'dist1': unreferenced local variable
C:\Users\A0050289\Source\Voronoi_Subdivision\Voronoi_Fracture\Voronoi.cpp(221,15): warning C4244: 'initializing': conversion from 'float' to 'int', possible loss of data
C:\Users\A0050289\Source\Voronoi_Subdivision\Voronoi_Fracture\Voronoi.cpp(222,15): warning C4244: 'initializing': conversion from 'float' to 'int', possible loss of data
C:\Users\A0050289\Source\Voronoi_Subdivision\Voronoi_Fracture\Voronoi.cpp(225,26): warning C4244: 'return': conversion from 'double' to 'float', possible loss of data
C:\Users\A0050289\Source\Voronoi_Subdivision\Voronoi_Fracture\Voronoi.cpp(238,42): warning C4244: '=': conversion from 'int' to 'T', possible loss of data
          with
          [
              T=float
          ]
C:\Users\A0050289\Source\Voronoi_Subdivision\Voronoi_Fracture\Voronoi.cpp(239,42): warning C4244: '=': conversion from 'int' to 'T', possible loss of data
          with
          [
              T=float
          ]
C:\Users\A0050289\Source\Voronoi_Subdivision\Voronoi_Fracture\Voronoi.cpp(246,55): warning C4244: 'argument': conversion from 'int' to 'T', possible loss of data
          with
          [
              T=float
          ]
C:\Users\A0050289\Source\Voronoi_Subdivision\Voronoi_Fracture\Voronoi.cpp(246,43): warning C4244: 'argument': conversion from 'int' to 'T', possible loss of data
          with
          [
              T=float
          ]
C:\Users\A0050289\Source\Voronoi_Subdivision\Voronoi_Fracture\Voronoi.cpp(247,51): warning C4244: 'argument': conversion from 'int' to 'T', possible loss of data
          with
          [
              T=float
          ]
C:\Users\A0050289\Source\Voronoi_Subdivision\Voronoi_Fracture\Voronoi.cpp(247,36): warning C4244: 'argument': conversion from 'int' to 'T', possible loss of data
          with
          [
              T=float
          ]
C:\Users\A0050289\Source\Voronoi_Subdivision\Voronoi_Fracture\Voronoi.cpp(266,29): warning C4244: 'argument': conversion from 'int' to 'float', possible loss of data
C:\Users\A0050289\Source\Voronoi_Subdivision\Voronoi_Fracture\Voronoi.cpp(267,44): warning C4244: 'argument': conversion from 'int' to 'T', possible loss of data
          with
          [
              T=float
          ]
C:\Users\A0050289\Source\Voronoi_Subdivision\Voronoi_Fracture\Voronoi.cpp(267,36): warning C4244: 'argument': conversion from 'int' to 'T', possible loss of data
          with
          [
              T=float
          ]
C:\Users\A0050289\Source\Voronoi_Subdivision\Voronoi_Fracture\Voronoi.cpp(280,71): warning C4244: 'argument': conversion from 'int' to 'T', possible loss of data
          with
          [
              T=float
          ]
C:\Users\A0050289\Source\Voronoi_Subdivision\Voronoi_Fracture\Voronoi.cpp(280,47): warning C4244: 'argument': conversion from 'int' to 'T', possible loss of data
          with
          [
              T=float
          ]
C:\Users\A0050289\Source\Voronoi_Subdivision\Voronoi_Fracture\Voronoi.cpp(281,89): warning C4244: 'argument': conversion from 'int' to 'T', possible loss of data
          with
          [
              T=float
          ]
C:\Users\A0050289\Source\Voronoi_Subdivision\Voronoi_Fracture\Voronoi.cpp(281,61): warning C4244: 'argument': conversion from 'int' to 'T', possible loss of data
          with
          [
              T=float
          ]
C:\Users\A0050289\Source\Voronoi_Subdivision\Voronoi_Fracture\Voronoi.cpp(297,29): warning C4244: 'argument': conversion from 'int' to 'float', possible loss of data
C:\Users\A0050289\Source\Voronoi_Subdivision\Voronoi_Fracture\Voronoi.cpp(298,44): warning C4244: 'argument': conversion from 'int' to 'T', possible loss of data
          with
          [
              T=float
          ]
C:\Users\A0050289\Source\Voronoi_Subdivision\Voronoi_Fracture\Voronoi.cpp(298,36): warning C4244: 'argument': conversion from 'int' to 'T', possible loss of data
          with
          [
              T=float
          ]
  main.cpp
  Generating Code...
  Voronoi_Fracture.vcxproj -> C:\Users\A0050289\Source\Voronoi_Subdivision\x64\Debug\Voronoi_Fracture.exe
